[2022-07-28 15:29:42.227 +05:30 INF] User profile is available. Using 'C:\Users\pooja.sakthivel\AppData\Local\ASP.NET\DataProtection-Keys' as key repository and Windows DPAPI to encrypt keys at rest.
[2022-07-28 15:29:42.344 +05:30 INF] Now listening on: https://localhost:7196
[2022-07-28 15:29:42.345 +05:30 INF] Now listening on: http://localhost:5057
[2022-07-28 15:29:42.356 +05:30 INF] Application started. Press Ctrl+C to shut down.
[2022-07-28 15:29:42.356 +05:30 INF] Hosting environment: Development
[2022-07-28 15:29:42.357 +05:30 INF] Content root path: C:\Users\pooja.sakthivel\Documents\GitHub\EmployeeApi\Employee\
[2022-07-28 15:29:48.995 +05:30 INF] Request starting HTTP/2 GET https://localhost:7196/ - -
[2022-07-28 15:29:49.072 +05:30 INF] Request finished HTTP/2 GET https://localhost:7196/ - - - 404 0 - 84.1438ms
[2022-07-28 15:29:55.805 +05:30 INF] Request starting HTTP/2 GET https://localhost:7196/swagger - -
[2022-07-28 15:29:55.807 +05:30 INF] Request finished HTTP/2 GET https://localhost:7196/swagger - - - 301 0 - 1.8435ms
[2022-07-28 15:29:55.833 +05:30 INF] Request starting HTTP/2 GET https://localhost:7196/swagger/index.html - -
[2022-07-28 15:29:55.925 +05:30 INF] Request finished HTTP/2 GET https://localhost:7196/swagger/index.html - - - 200 - text/html;charset=utf-8 92.1511ms
[2022-07-28 15:29:56.010 +05:30 INF] Request starting HTTP/2 GET https://localhost:7196/swagger/swagger-ui-bundle.js - -
[2022-07-28 15:29:56.010 +05:30 INF] Request starting HTTP/2 GET https://localhost:7196/swagger/swagger-ui.css - -
[2022-07-28 15:29:56.011 +05:30 INF] Request starting HTTP/2 GET https://localhost:7196/swagger/swagger-ui-standalone-preset.js - -
[2022-07-28 15:29:56.037 +05:30 INF] Sending file. Request path: '/swagger-ui-bundle.js'. Physical path: 'N/A'
[2022-07-28 15:29:56.037 +05:30 INF] Sending file. Request path: '/swagger-ui.css'. Physical path: 'N/A'
[2022-07-28 15:29:56.037 +05:30 INF] Sending file. Request path: '/swagger-ui-standalone-preset.js'. Physical path: 'N/A'
[2022-07-28 15:29:56.039 +05:30 INF] Request finished HTTP/2 GET https://localhost:7196/swagger/swagger-ui-standalone-preset.js - - - 200 337162 application/javascript 27.8348ms
[2022-07-28 15:29:56.039 +05:30 INF] Request finished HTTP/2 GET https://localhost:7196/swagger/swagger-ui.css - - - 200 143632 text/css 29.0981ms
[2022-07-28 15:29:56.039 +05:30 INF] Request finished HTTP/2 GET https://localhost:7196/swagger/swagger-ui-bundle.js - - - 200 1092889 application/javascript 29.3154ms
[2022-07-28 15:29:57.805 +05:30 INF] Request starting HTTP/2 GET https://localhost:7196/swagger - -
[2022-07-28 15:29:57.805 +05:30 INF] Request finished HTTP/2 GET https://localhost:7196/swagger - - - 301 0 - 0.3103ms
[2022-07-28 15:29:57.814 +05:30 INF] Request starting HTTP/2 GET https://localhost:7196/swagger/index.html - -
[2022-07-28 15:29:57.814 +05:30 INF] Request finished HTTP/2 GET https://localhost:7196/swagger/index.html - - - 200 - text/html;charset=utf-8 0.8971ms
[2022-07-28 15:29:57.901 +05:30 INF] Request starting HTTP/2 GET https://localhost:7196/swagger/swagger-ui.css - -
[2022-07-28 15:29:57.901 +05:30 INF] Request starting HTTP/2 GET https://localhost:7196/swagger/swagger-ui-bundle.js - -
[2022-07-28 15:29:57.903 +05:30 INF] Request starting HTTP/2 GET https://localhost:7196/swagger/swagger-ui-standalone-preset.js - -
[2022-07-28 15:29:57.910 +05:30 INF] Sending file. Request path: '/swagger-ui.css'. Physical path: 'N/A'
[2022-07-28 15:29:57.913 +05:30 INF] Request finished HTTP/2 GET https://localhost:7196/swagger/swagger-ui.css - - - 200 143632 text/css 12.3599ms
[2022-07-28 15:29:57.923 +05:30 INF] Sending file. Request path: '/swagger-ui-standalone-preset.js'. Physical path: 'N/A'
[2022-07-28 15:29:57.923 +05:30 INF] Request finished HTTP/2 GET https://localhost:7196/swagger/swagger-ui-standalone-preset.js - - - 200 337162 application/javascript 20.4264ms
[2022-07-28 15:29:57.929 +05:30 INF] Sending file. Request path: '/swagger-ui-bundle.js'. Physical path: 'N/A'
[2022-07-28 15:29:57.929 +05:30 INF] Request finished HTTP/2 GET https://localhost:7196/swagger/swagger-ui-bundle.js - - - 200 1092889 application/javascript 28.0181ms
[2022-07-28 15:29:58.056 +05:30 INF] Request starting HTTP/2 GET https://localhost:7196/swagger/v1/swagger.json - -
[2022-07-28 15:29:58.214 +05:30 INF] Request finished HTTP/2 GET https://localhost:7196/swagger/v1/swagger.json - - - 200 - application/json;charset=utf-8 158.3367ms
[2022-07-28 15:30:11.383 +05:30 INF] Request starting HTTP/2 POST https://localhost:7196/Emplyee/CreateEmployee application/json-patch+json 198
[2022-07-28 15:30:11.395 +05:30 INF] Executing endpoint 'Employee.Controllers.EmplyeeController.CreateEmployee (Employee)'
[2022-07-28 15:30:11.452 +05:30 INF] Route matched with {action = "CreateEmployee", controller = "Emplyee"}. Executing controller action with signature System.Threading.Tasks.Task`1[Microsoft.AspNetCore.Mvc.ActionResult] CreateEmployee(Employee.Models.Employees) on controller Employee.Controllers.EmplyeeController (Employee).
[2022-07-28 15:30:11.920 +05:30 ERR] EmployeeController -->CreateEmployee(Employee employee)-->Age must be greater than 18
[2022-07-28 15:30:11.924 +05:30 INF] Executing BadRequestObjectResult, writing value of type 'System.String'.
[2022-07-28 15:30:11.932 +05:30 INF] Executed action Employee.Controllers.EmplyeeController.CreateEmployee (Employee) in 473.1782ms
[2022-07-28 15:30:11.933 +05:30 INF] Executed endpoint 'Employee.Controllers.EmplyeeController.CreateEmployee (Employee)'
[2022-07-28 15:30:11.935 +05:30 INF] Request finished HTTP/2 POST https://localhost:7196/Emplyee/CreateEmployee application/json-patch+json 198 - 400 - text/plain;+charset=utf-8 552.2721ms
[2022-07-28 15:33:06.996 +05:30 INF] Application is shutting down...
[ INF] User profile is available. Using 'C:\Users\pooja.sakthivel\AppData\Local\ASP.NET\DataProtection-Keys' as key repository and Windows DPAPI to encrypt keys at rest.
[ INF] Now listening on: https://localhost:7196
[ INF] Now listening on: http://localhost:5057
[ INF] Application started. Press Ctrl+C to shut down.
[ INF] Hosting environment: Development
[ INF] Content root path: C:\Users\pooja.sakthivel\Documents\GitHub\EmployeeApi\Employee\
[ INF] Request starting HTTP/2 POST https://localhost:7196/Emplyee/CreateEmployee application/json-patch+json 198
[ INF] Executing endpoint 'Employee.Controllers.EmplyeeController.CreateEmployee (Employee)'
[ INF] Route matched with {action = "CreateEmployee", controller = "Emplyee"}. Executing controller action with signature System.Threading.Tasks.Task`1[Microsoft.AspNetCore.Mvc.ActionResult] CreateEmployee(Employee.Models.Employees) on controller Employee.Controllers.EmplyeeController (Employee).
[ ERR] EmployeeController -->CreateEmployee(Employee employee)-->Age must be greater than 18
[ INF] Executing BadRequestObjectResult, writing value of type 'System.String'.
[ INF] Executed action Employee.Controllers.EmplyeeController.CreateEmployee (Employee) in 415.4449ms
[ INF] Executed endpoint 'Employee.Controllers.EmplyeeController.CreateEmployee (Employee)'
[ INF] Request finished HTTP/2 POST https://localhost:7196/Emplyee/CreateEmployee application/json-patch+json 198 - 400 - text/plain;+charset=utf-8 573.8544ms
